2025-08-13T13:31:26.022+09:00  INFO 71799 --- [MySpringBoot3Project] [restartedMain] c.r.m.MySpringBoot3ProjectApplication    : Starting MySpringBoot3ProjectApplication using Java 17.0.2 with PID 71799 (/Applications/SK-Shieldus-Rookies_Study/study/SpringBoot/MySpringBoot3Project/target/classes started by rose in /Applications/SK-Shieldus-Rookies_Study/study/SpringBoot/MySpringBoot3Project)
2025-08-13T13:31:26.026+09:00  INFO 71799 --- [MySpringBoot3Project] [restartedMain] c.r.m.MySpringBoot3ProjectApplication    : The following 1 profile is active: "test"
2025-08-13T13:31:26.064+09:00  INFO 71799 --- [MySpringBoot3Project] [restartedMain] .e.DevToolsPropertyDefaultsPostProcessor : Devtools property defaults active! Set 'spring.devtools.add-properties' to 'false' to disable
2025-08-13T13:31:26.065+09:00  INFO 71799 --- [MySpringBoot3Project] [restartedMain] .e.DevToolsPropertyDefaultsPostProcessor : For additional web related logging consider setting the 'logging.level.web' property to 'DEBUG'
2025-08-13T13:31:26.603+09:00  INFO 71799 --- [MySpringBoot3Project] [restartedMain] .s.d.r.c.RepositoryConfigurationDelegate : Bootstrapping Spring Data JPA repositories in DEFAULT mode.
2025-08-13T13:31:26.616+09:00  INFO 71799 --- [MySpringBoot3Project] [restartedMain] .s.d.r.c.RepositoryConfigurationDelegate : Finished Spring Data repository scanning in 7 ms. Found 0 JPA repository interfaces.
2025-08-13T13:31:26.907+09:00  INFO 71799 --- [MySpringBoot3Project] [restartedMain] o.s.b.w.embedded.tomcat.TomcatWebServer  : Tomcat initialized with port 8080 (http)
2025-08-13T13:31:26.914+09:00  INFO 71799 --- [MySpringBoot3Project] [restartedMain] o.apache.catalina.core.StandardService   : Starting service [Tomcat]
2025-08-13T13:31:26.915+09:00  INFO 71799 --- [MySpringBoot3Project] [restartedMain] o.apache.catalina.core.StandardEngine    : Starting Servlet engine: [Apache Tomcat/10.1.43]
2025-08-13T13:31:26.935+09:00  INFO 71799 --- [MySpringBoot3Project] [restartedMain] o.a.c.c.C.[Tomcat].[localhost].[/]       : Initializing Spring embedded WebApplicationContext
2025-08-13T13:31:26.935+09:00  INFO 71799 --- [MySpringBoot3Project] [restartedMain] w.s.c.ServletWebServerApplicationContext : Root WebApplicationContext: initialization completed in 870 ms
2025-08-13T13:31:27.048+09:00  INFO 71799 --- [MySpringBoot3Project] [restartedMain] com.zaxxer.hikari.HikariDataSource       : HikariPool-1 - Starting...
2025-08-13T13:31:27.158+09:00  INFO 71799 --- [MySpringBoot3Project] [restartedMain] com.zaxxer.hikari.pool.HikariPool        : HikariPool-1 - Added connection conn0: url=jdbc:h2:mem:9e9b24b7-c0bd-4df5-a6c8-df92bac34705 user=SA
2025-08-13T13:31:27.159+09:00  INFO 71799 --- [MySpringBoot3Project] [restartedMain] com.zaxxer.hikari.HikariDataSource       : HikariPool-1 - Start completed.
2025-08-13T13:31:27.184+09:00  INFO 71799 --- [MySpringBoot3Project] [restartedMain] o.hibernate.jpa.internal.util.LogHelper  : HHH000204: Processing PersistenceUnitInfo [name: default]
2025-08-13T13:31:27.210+09:00  INFO 71799 --- [MySpringBoot3Project] [restartedMain] org.hibernate.Version                    : HHH000412: Hibernate ORM core version 6.6.22.Final
2025-08-13T13:31:27.226+09:00  INFO 71799 --- [MySpringBoot3Project] [restartedMain] o.h.c.internal.RegionFactoryInitiator    : HHH000026: Second-level cache disabled
2025-08-13T13:31:27.347+09:00  INFO 71799 --- [MySpringBoot3Project] [restartedMain] o.s.o.j.p.SpringPersistenceUnitInfo      : No LoadTimeWeaver setup: ignoring JPA class transformer
2025-08-13T13:31:27.396+09:00  INFO 71799 --- [MySpringBoot3Project] [restartedMain] org.hibernate.orm.connections.pooling    : HHH10001005: Database info:
	Database JDBC URL [Connecting through datasource 'HikariDataSource (HikariPool-1)']
	Database driver: undefined/unknown
	Database version: 2.3.232
	Autocommit mode: undefined/unknown
	Isolation level: undefined/unknown
	Minimum pool size: undefined/unknown
	Maximum pool size: undefined/unknown
2025-08-13T13:31:27.569+09:00  INFO 71799 --- [MySpringBoot3Project] [restartedMain] o.h.e.t.j.p.i.JtaPlatformInitiator       : HHH000489: No JTA platform available (set 'hibernate.transaction.jta.platform' to enable JTA platform integration)
2025-08-13T13:31:27.571+09:00  INFO 71799 --- [MySpringBoot3Project] [restartedMain] j.LocalContainerEntityManagerFactoryBean : Initialized JPA EntityManagerFactory for persistence unit 'default'
2025-08-13T13:31:27.605+09:00  WARN 71799 --- [MySpringBoot3Project] [restartedMain] JpaBaseConfiguration$JpaWebConfiguration : spring.jpa.open-in-view is enabled by default. Therefore, database queries may be performed during view rendering. Explicitly configure spring.jpa.open-in-view to disable this warning
2025-08-13T13:31:27.751+09:00  WARN 71799 --- [MySpringBoot3Project] [restartedMain] ion$DefaultTemplateResolverConfiguration : Cannot find template location: classpath:/templates/ (please add some templates, check your Thymeleaf configuration, or set spring.thymeleaf.check-template-location=false)
2025-08-13T13:31:27.887+09:00  INFO 71799 --- [MySpringBoot3Project] [restartedMain] o.s.b.a.h2.H2ConsoleAutoConfiguration    : H2 console available at '/h2-console'. Database available at 'jdbc:h2:mem:9e9b24b7-c0bd-4df5-a6c8-df92bac34705'
2025-08-13T13:31:27.903+09:00  INFO 71799 --- [MySpringBoot3Project] [restartedMain] o.s.b.d.a.OptionalLiveReloadServer       : LiveReload server is running on port 35729
2025-08-13T13:31:27.907+09:00  INFO 71799 --- [MySpringBoot3Project] [restartedMain] o.s.b.a.e.web.EndpointLinksResolver      : Exposing 1 endpoint beneath base path '/actuator'
2025-08-13T13:31:27.949+09:00  INFO 71799 --- [MySpringBoot3Project] [restartedMain] o.s.b.w.embedded.tomcat.TomcatWebServer  : Tomcat started on port 8080 (http) with context path '/'
2025-08-13T13:31:27.961+09:00  INFO 71799 --- [MySpringBoot3Project] [restartedMain] c.r.m.MySpringBoot3ProjectApplication    : Started MySpringBoot3ProjectApplication in 2.324 seconds (process running for 2.644)
2025-08-13T13:33:09.949+09:00  INFO 71799 --- [MySpringBoot3Project] [SpringApplicationShutdownHook] o.s.b.w.e.tomcat.GracefulShutdown        : Commencing graceful shutdown. Waiting for active requests to complete
2025-08-13T13:33:09.956+09:00  INFO 71799 --- [MySpringBoot3Project] [tomcat-shutdown] o.s.b.w.e.tomcat.GracefulShutdown        : Graceful shutdown complete
2025-08-13T13:33:09.961+09:00  INFO 71799 --- [MySpringBoot3Project] [SpringApplicationShutdownHook] j.LocalContainerEntityManagerFactoryBean : Closing JPA EntityManagerFactory for persistence unit 'default'
2025-08-13T13:33:09.966+09:00  WARN 71799 --- [MySpringBoot3Project] [SpringApplicationShutdownHook] o.s.b.f.support.DisposableBeanAdapter    : Invocation of destroy method failed on bean with name 'inMemoryDatabaseShutdownExecutor': org.h2.jdbc.JdbcSQLNonTransientConnectionException: Database is already closed (to disable automatic closing at VM shutdown, add ";DB_CLOSE_ON_EXIT=FALSE" to the db URL) [90121-232]
2025-08-13T13:33:09.967+09:00  INFO 71799 --- [MySpringBoot3Project] [SpringApplicationShutdownHook] com.zaxxer.hikari.HikariDataSource       : HikariPool-1 - Shutdown initiated...
2025-08-13T13:33:09.968+09:00  INFO 71799 --- [MySpringBoot3Project] [SpringApplicationShutdownHook] com.zaxxer.hikari.HikariDataSource       : HikariPool-1 - Shutdown completed.
